#
# There is insufficient memory for the Java Runtime Environment to continue.
# Native memory allocation (mmap) failed to map 132120576 bytes for G1 virtual space
# Possible reasons:
#   The system is out of physical RAM or swap space
#   The process is running with CompressedOops enabled, and the Java Heap may be blocking the growth of the native heap
# Possible solutions:
#   Reduce memory load on the system
#   Increase physical memory or swap space
#   Check if swap backing store is full
#   Decrease Java heap size (-Xmx/-Xms)
#   Decrease number of Java threads
#   Decrease Java thread stack sizes (-Xss)
#   Set larger code cache with -XX:ReservedCodeCacheSize=
#   JVM is running with Unscaled Compressed Oops mode in which the Java heap is
#     placed in the first 4GB address space. The Java Heap base address is the
#     maximum limit for the native heap growth. Please use -XX:HeapBaseMinAddress
#     to set the Java Heap base and to place the Java Heap above 4GB virtual address.
# This output file may be truncated or incomplete.
#
#  Out of Memory Error (os_windows.cpp:3527), pid=2032, tid=14376
#
# JRE version:  (19.0+36) (build )
# Java VM: Java HotSpot(TM) 64-Bit Server VM (19+36-2238, mixed mode, sharing, tiered, compressed oops, compressed class ptrs, g1 gc, windows-amd64)
# No core dump will be written. Minidumps are not enabled by default on client versions of Windows
#

---------------  S U M M A R Y ------------

Command Line: -Dfile.encoding=UTF-8 --module-path=C:\Users\df346\OneDrive\Escritorio\Lab. Progra. I\Compilaciones Lab\Pro1P1_DiegoMaradiaga\build\classes pro1p1_diegomaradiaga.Pro1P1_DiegoMaradiaga

Host: Intel(R) Core(TM) i3-1005G1 CPU @ 1.20GHz, 4 cores, 7G,  Windows 11 , 64 bit Build 22000 (10.0.22000.1219)
Time: Sat Dec  3 17:41:01 2022 Hora estándar, América Central elapsed time: 0.019462 seconds (0d 0h 0m 0s)

---------------  T H R E A D  ---------------

Current thread (0x000001fc506e9040):  JavaThread "Unknown thread" [_thread_in_vm, id=14376, stack(0x0000003d0c400000,0x0000003d0c500000)]

Stack: [0x0000003d0c400000,0x0000003d0c500000]
Native frames: (J=compiled Java code, j=interpreted, Vv=VM code, C=native code)
V  [jvm.dll+0x6ee8fa]
V  [jvm.dll+0x857a1e]
V  [jvm.dll+0x85940e]
V  [jvm.dll+0x859ac3]
V  [jvm.dll+0x28291f]
V  [jvm.dll+0x6eb6e9]
V  [jvm.dll+0x6e028a]
V  [jvm.dll+0x357136]
V  [jvm.dll+0x35eb96]
V  [jvm.dll+0x3b555e]
V  [jvm.dll+0x3b578f]
V  [jvm.dll+0x32c6ea]
V  [jvm.dll+0x32d59e]
V  [jvm.dll+0x821b20]
V  [jvm.dll+0x3c27c1]
V  [jvm.dll+0x8022f1]
V  [jvm.dll+0x44b30f]
V  [jvm.dll+0x44cc91]
C  [jli.dll+0x5287]
C  [ucrtbase.dll+0x26c0c]
C  [KERNEL32.DLL+0x15550]
C  [ntdll.dll+0x485b]


---------------  P R O C E S S  ---------------

Threads class SMR info:
_java_thread_list=0x00007ffa7c99d048, length=0, elements={
}

Java Threads: ( => current thread )

Other Threads:
  0x000001fc50748cd0 WorkerThread "GC Thread#0" [stack: 0x0000003d0c500000,0x0000003d0c600000] [id=3388]
  0x000001fc507597f0 ConcurrentGCThread "G1 Main Marker" [stack: 0x0000003d0c600000,0x0000003d0c700000] [id=10428]
  0x000001fc5075b9e0 WorkerThread "G1 Conc#0" [stack: 0x0000003d0c700000,0x0000003d0c800000] [id=3700]

[error occurred during error reporting (printing all threads), id 0xc0000005, EXCEPTION_ACCESS_VIOLATION (0xc0000005) at pc=0x00007ffa7c15d127]

VM state: not at safepoint (not fully initialized)

VM Mutex/Monitor currently owned by a thread:  ([mutex/lock_event])
[0x000001fc506e5620] Heap_lock - owner thread: 0x000001fc506e9040

Heap address: 0x0000000083a00000, size: 1990 MB, Compressed Oops mode: 32-bit

CDS archive(s) mapped at: [0x0000000000000000-0x0000000000000000-0x0000000000000000), size 0, SharedBaseAddress: 0x0000000800000000, ArchiveRelocationMode: 0.
Narrow klass base: 0x0000000000000000, Narrow klass shift: 0, Narrow klass range: 0x0

GC Precious Log:
 CardTable entry size: 512
 Card Set container configuration: InlinePtr #cards 5 size 8 Array Of Cards #cards 12 size 40 Howl #buckets 4 coarsen threshold 1843 Howl Bitmap #cards 512 size 80 coarsen threshold 460 Card regions per heap region 1 cards per card region 2048

Heap:
 garbage-first heap   total 0K, used 0K [0x0000000083a00000, 0x0000000100000000)
  region size 1024K, 0 young (0K), 0 survivors (0K)

[error occurred during error reporting (printing heap information), id 0xc0000005, EXCEPTION_ACCESS_VIOLATION (0xc0000005) at pc=0x00007ffa7c566959]

GC Heap History (0 events):
No events

Dll operation events (1 events):
Event: 0.010 Loaded shared library C:\Program Files\Java\jdk-19\bin\java.dll

Deoptimization events (0 events):
No events

Classes loaded (0 events):
No events

Classes unloaded (0 events):
No events

Classes redefined (0 events):
No events

Internal exceptions (0 events):
No events

VM Operations (0 events):
No events

Events (0 events):
No events


Dynamic libraries:
0x00007ff692850000 - 0x00007ff692860000 	C:\Program Files\Java\jdk-19\bin\java.exe
0x00007ffb24180000 - 0x00007ffb24389000 	C:\Windows\SYSTEM32\ntdll.dll
0x00007ffb23ba0000 - 0x00007ffb23c5e000 	C:\Windows\System32\KERNEL32.DLL
0x00007ffb218e0000 - 0x00007ffb21c5b000 	C:\Windows\System32\KERNELBASE.dll
0x00007ffb21d20000 - 0x00007ffb21e31000 	C:\Windows\System32\ucrtbase.dll
0x00007ffb1b1d0000 - 0x00007ffb1b1e8000 	C:\Program Files\Java\jdk-19\bin\jli.dll
0x00007ffb22d70000 - 0x00007ffb22e1e000 	C:\Windows\System32\ADVAPI32.dll
0x00007ffb1a890000 - 0x00007ffb1a8ab000 	C:\Program Files\Java\jdk-19\bin\VCRUNTIME140.dll
0x00007ffb23af0000 - 0x00007ffb23b93000 	C:\Windows\System32\msvcrt.dll
0x00007ffb235e0000 - 0x00007ffb2367e000 	C:\Windows\System32\sechost.dll
0x00007ffb228c0000 - 0x00007ffb229e0000 	C:\Windows\System32\RPCRT4.dll
0x00007ffb22680000 - 0x00007ffb2282d000 	C:\Windows\System32\USER32.dll
0x00007ffb21fd0000 - 0x00007ffb21ff6000 	C:\Windows\System32\win32u.dll
0x00007ffb22570000 - 0x00007ffb22599000 	C:\Windows\System32\GDI32.dll
0x00007ffb21eb0000 - 0x00007ffb21fc8000 	C:\Windows\System32\gdi32full.dll
0x00007ffb216d0000 - 0x00007ffb2176d000 	C:\Windows\System32\msvcp_win.dll
0x00007ffb0cb60000 - 0x00007ffb0ce05000 	C:\Windows\WinSxS\amd64_microsoft.windows.common-controls_6595b64144ccf1df_6.0.22000.120_none_9d947278b86cc467\COMCTL32.dll
0x00007ffb10cc0000 - 0x00007ffb10cca000 	C:\Windows\SYSTEM32\VERSION.dll
0x00007ffb22880000 - 0x00007ffb228b2000 	C:\Windows\System32\IMM32.DLL
0x00007ffb1a880000 - 0x00007ffb1a88c000 	C:\Program Files\Java\jdk-19\bin\vcruntime140_1.dll
0x00007ffae9990000 - 0x00007ffae9a1e000 	C:\Program Files\Java\jdk-19\bin\msvcp140.dll
0x00007ffa7be20000 - 0x00007ffa7cae0000 	C:\Program Files\Java\jdk-19\bin\server\jvm.dll
0x00007ffb1dda0000 - 0x00007ffb1dda9000 	C:\Windows\SYSTEM32\WSOCK32.dll
0x00007ffb22260000 - 0x00007ffb222cf000 	C:\Windows\System32\WS2_32.dll
0x00007ffb11890000 - 0x00007ffb118c3000 	C:\Windows\SYSTEM32\WINMM.dll
0x00007ffb206d0000 - 0x00007ffb206e8000 	C:\Windows\SYSTEM32\kernel.appcore.dll
0x00007ffb1a870000 - 0x00007ffb1a87a000 	C:\Program Files\Java\jdk-19\bin\jimage.dll
0x00007ffb1f140000 - 0x00007ffb1f361000 	C:\Windows\SYSTEM32\DBGHELP.DLL
0x00007ffb01ca0000 - 0x00007ffb01cd1000 	C:\Windows\SYSTEM32\dbgcore.DLL
0x00007ffb21650000 - 0x00007ffb216cf000 	C:\Windows\System32\bcryptPrimitives.dll
0x00007ffb175d0000 - 0x00007ffb175f6000 	C:\Program Files\Java\jdk-19\bin\java.dll

dbghelp: loaded successfully - version: 4.0.5 - missing functions: none
symbol engine: initialized successfully - sym options: 0x614 - pdb path: .;C:\Program Files\Java\jdk-19\bin;C:\Windows\SYSTEM32;C:\Windows\WinSxS\amd64_microsoft.windows.common-controls_6595b64144ccf1df_6.0.22000.120_none_9d947278b86cc467;C:\Program Files\Java\jdk-19\bin\server

VM Arguments:
jvm_args: -Dfile.encoding=UTF-8 --module-path=C:\Users\df346\OneDrive\Escritorio\Lab. Progra. I\Compilaciones Lab\Pro1P1_DiegoMaradiaga\build\classes 
java_command: pro1p1_diegomaradiaga.Pro1P1_DiegoMaradiaga
java_class_path (initial): C:\Users\df346\OneDrive\Escritorio\Lab. Progra. I\Compilaciones Lab\Pro1P1_DiegoMaradiaga\build\classes
Launcher Type: SUN_STANDARD

[Global flags]
     intx CICompilerCount                          = 3                                         {product} {ergonomic}
     uint ConcGCThreads                            = 1                                         {product} {ergonomic}
     uint G1ConcRefinementThreads                  = 4                                         {product} {ergonomic}
   size_t G1HeapRegionSize                         = 1048576                                   {product} {ergonomic}
    uintx GCDrainStackTargetSize                   = 64                                        {product} {ergonomic}
   size_t InitialHeapSize                          = 132120576                                 {product} {ergonomic}
   size_t MarkStackSize                            = 4194304                                   {product} {ergonomic}
   size_t MaxHeapSize                              = 2086666240                                {product} {ergonomic}
   size_t MinHeapDeltaBytes                        = 1048576                                   {product} {ergonomic}
   size_t MinHeapSize                              = 8388608                                   {product} {ergonomic}
    uintx NonNMethodCodeHeapSize                   = 5832780                                {pd product} {ergonomic}
    uintx NonProfiledCodeHeapSize                  = 122912730                              {pd product} {ergonomic}
    uintx ProfiledCodeHeapSize                     = 122912730                              {pd product} {ergonomic}
    uintx ReservedCodeCacheSize                    = 251658240                              {pd product} {ergonomic}
     bool SegmentedCodeCache                       = true                                      {product} {ergonomic}
   size_t SoftMaxHeapSize                          = 2086666240                             {manageable} {ergonomic}
     bool UseCompressedClassPointers               = true                           {product lp64_product} {ergonomic}
     bool UseCompressedOops                        = true                           {product lp64_product} {ergonomic}
     bool UseG1GC                                  = true                                      {product} {ergonomic}
     bool UseLargePagesIndividualAllocation        = false                                  {pd product} {ergonomic}

Logging:
Log output configuration:
 #0: stdout all=warning uptime,level,tags foldmultilines=false
 #1: stderr all=off uptime,level,tags foldmultilines=false

Environment Variables:
PATH=C:\Program Files\Common Files\Oracle\Java\javapath;C:\Windows\system32;C:\Windows;C:\Windows\System32\Wbem;C:\Windows\System32\WindowsPowerShell\v1.0\;C:\Windows\System32\OpenSSH\;C:\Program Files\dotnet\;C:\Program Files\Git\cmd;C:\Users\df346\AppData\Local\Microsoft\WindowsApps;
USERNAME=df346
OS=Windows_NT
PROCESSOR_IDENTIFIER=Intel64 Family 6 Model 126 Stepping 5, GenuineIntel
TMP=C:\Users\df346\AppData\Local\Temp
TEMP=C:\Users\df346\AppData\Local\Temp



---------------  S Y S T E M  ---------------

OS:
 Windows 11 , 64 bit Build 22000 (10.0.22000.1219)
OS uptime: 0 days 6:12 hours

CPU: total 4 (initial active 4) (2 cores per cpu, 2 threads per core) family 6 model 126 stepping 5 microcode 0xb2, cx8, cmov, fxsr, ht, mmx, 3dnowpref, sse, sse2, sse3, ssse3, sse4.1, sse4.2, popcnt, lzcnt, tsc, tscinvbit, avx, avx2, aes, erms, clmul, bmi1, bmi2, adx, avx512f, avx512dq, avx512cd, avx512bw, avx512vl, sha, fma, vzeroupper, avx512_vpopcntdq, avx512_vpclmulqdq, avx512_vaes, avx512_vnni, clflush, clflushopt, avx512_vbmi2, avx512_vbmi, rdtscp, rdpid, fsrm, gfni, avx512_bitalg

Memory: 4k page, system-wide physical 7955M (610M free)
TotalPageFile size 14687M (AvailPageFile size 12M)
current process WorkingSet (physical memory assigned to process): 10M, peak: 10M
current process commit charge ("private bytes"): 52M, peak: 178M

vm_info: Java HotSpot(TM) 64-Bit Server VM (19+36-2238) for windows-amd64 JRE (19+36-2238), built on 2022-08-12T20:29:01Z by "mach5one" with MS VC++ 17.1 (VS2022)

END.
